d:\bit\peparser\peparser\debug\vc120.pdb
d:\bit\peparser\peparser\debug\vc120.idb
d:\bit\peparser\peparser\debug\filemap.obj
d:\bit\peparser\peparser\debug\main.obj
d:\bit\peparser\peparser\debug\pefile.obj
d:\bit\peparser\debug\peparser.ilk
d:\bit\peparser\debug\peparser.exe
d:\bit\peparser\debug\peparser.pdb
d:\bit\peparserc\peparser\debug\filemap.obj
d:\bit\peparserc\peparser\debug\main.obj
d:\bit\peparserc\peparser\debug\pefile.obj
d:\bit\peparserc\peparser\debug\vc120.idb
d:\bit\peparserc\peparser\debug\vc120.pdb
d:\bit\peparserc\debug\peparser.pdb
d:\bit\peparserc\debug\peparser.exe
d:\bit\peparserc\debug\peparser.ilk
d:\bit\peparserc\peparser\debug\peparser.tlog\cl.command.1.tlog
d:\bit\peparserc\peparser\debug\peparser.tlog\cl.read.1.tlog
d:\bit\peparserc\peparser\debug\peparser.tlog\cl.write.1.tlog
d:\bit\peparserc\peparser\debug\peparser.tlog\link.command.1.tlog
d:\bit\peparserc\peparser\debug\peparser.tlog\link.read.1.tlog
d:\bit\peparserc\peparser\debug\peparser.tlog\link.write.1.tlog
